{
  "0 debug pnpm:scope": {
    "selected": 1
  },
  "1 error pnpm": {
    "code": "ELIFECYCLE",
    "errno": "ENOENT",
    "syscall": "spawn",
    "file": "sh",
    "pkgid": "try-playwright@1.0.0",
    "stage": "dev",
    "script": "next dev",
    "pkgname": "try-playwright",
    "err": {
      "name": "pnpm",
      "message": "try-playwright@1.0.0 dev: `next dev`\nspawn ENOENT",
      "code": "ELIFECYCLE",
      "stack": "pnpm: try-playwright@1.0.0 dev: `next dev`\nspawn ENOENT\n    at ChildProcess.<anonymous> (/Users/tunguyen/.fnm/node-versions/v14.19.0/installation/pnpm-global/5/node_modules/.pnpm/pnpm@6.30.0/node_modules/pnpm/dist/pnpm.cjs:92200:22)\n    at ChildProcess.emit (events.js:400:28)\n    at maybeClose (internal/child_process.js:1058:16)\n    at Process.ChildProcess._handle.onexit (internal/child_process.js:293:5)"
    }
  },
  "2 warn pnpm:global": " Local package.json exists, but node_modules missing, did you mean to install?"
}